\BOOKMARK [1][-]{section*.1}{\376\377\000E\000d\000u\000c\000a\000t\000i\000o\000n}{}% 1
\BOOKMARK [2][-]{subsection*.2}{\376\377\000P\000h\000.\000D\000\040\000S\000t\000u\000d\000e\000n\000t\000\040\000i\000n\000\040\000A\000n\000a\000l\000y\000s\000i\000s\000\040\000o\000f\000\040\000S\000o\000c\000i\000a\000l\000\040\000a\000n\000d\000\040\000E\000c\000o\000n\000o\000m\000i\000c\000\040\000P\000r\000o\000c\000e\000s\000s\000e\000s\000\040\000N\000o\000v\000\040\0002\0000\0002\0002\000-\000J\000a\000n\000\040\0002\0000\0002\0006}{section*.1}% 2
\BOOKMARK [2][-]{subsection*.3}{\376\377\000\050\000d\000i\000s\000s\000e\000r\000t\000a\000t\000i\000o\000n\000\040\000r\000e\000a\000d\000y\000\040\000f\000o\000r\000\040\000s\000u\000b\000m\000i\000s\000s\000i\000o\000n\000\040\000i\000n\000\040\000F\000e\000b\000\040\0002\0000\0002\0005\000\051}{section*.1}% 3
\BOOKMARK [2][-]{subsection*.4}{\376\377\000V\000i\000s\000i\000t\000i\000n\000g\000\040\000P\000h\000.\000D\000\040\000S\000t\000u\000d\000e\000n\000t\000\040\000F\000e\000b\000\040\0002\0000\0002\0004\000-\000p\000r\000e\000s\000e\000n\000t}{section*.1}% 4
\BOOKMARK [2][-]{subsection*.5}{\376\377\000M\000a\000s\000t\000e\000r\000'\000s\000\040\000D\000e\000g\000r\000e\000e\000\040\000i\000n\000\040\000P\000o\000l\000i\000t\000i\000c\000a\000l\000\040\000a\000n\000d\000\040\000P\000u\000b\000l\000i\000c\000\040\000C\000o\000m\000m\000u\000n\000i\000c\000a\000t\000i\000o\000n\000\040\000S\000e\000p\000\040\0002\0000\0002\0000\000-\000J\000u\000l\000y\000\040\0002\0000\0002\0002}{section*.1}% 5
\BOOKMARK [2][-]{subsection*.6}{\376\377\000B\000a\000c\000h\000e\000l\000o\000r\000'\000s\000\040\000D\000e\000g\000r\000e\000e\000\040\000i\000n\000\040\000M\000a\000t\000h\000e\000m\000a\000t\000i\000c\000s\000\040\000f\000o\000r\000\040\000E\000n\000g\000i\000n\000e\000e\000r\000i\000n\000g\000\040\000S\000e\000p\000\040\0002\0000\0001\0007\000-\000J\000u\000l\000\040\0002\0000\0002\0000}{section*.1}% 6
\BOOKMARK [2][-]{subsection*.7}{\376\377\000H\000i\000g\000h\000\040\000S\000c\000h\000o\000o\000l\000\040\000D\000i\000p\000l\000o\000m\000a\000S\000e\000p\000\040\0002\0000\0001\0002\000-\000J\000u\000l\000\040\0002\0000\0001\0007}{section*.1}% 7
\BOOKMARK [1][-]{section*.8}{\376\377\000S\000u\000m\000m\000e\000r\000\040\000S\000c\000h\000o\000o\000l\000s\000,\000\040\000W\000i\000n\000t\000e\000r\000\040\000S\000c\000h\000o\000o\000l\000s\000,\000\040\000a\000n\000d\000\040\000S\000h\000o\000r\000t\000\040\000C\000o\000u\000r\000s\000e\000s}{}% 8
\BOOKMARK [2][-]{subsection*.9}{\376\377\000T\000h\000e\000\040\000S\000u\000m\000m\000e\000r\000\040\000I\000n\000s\000t\000i\000t\000u\000t\000e\000s\000\040\000i\000n\000\040\000C\000o\000m\000p\000u\000t\000a\000t\000i\000o\000n\000a\000l\000\040\000S\000o\000c\000i\000a\000l\000\040\000S\000c\000i\000e\000n\000c\000e\000,\000\040\000U\000n\000i\000v\000e\000r\000s\000i\000t\000y\000\040\000o\000f\000\040\000B\000o\000l\000o\000g\000n\000a\000\040\000J\000u\000n\000e\000\040\0002\0000\0002\0004}{section*.8}% 9
\BOOKMARK [2][-]{subsection*.10}{\376\377\000E\000s\000s\000e\000x\000\040\000S\000u\000m\000m\000e\000r\000\040\000S\000c\000h\000o\000o\000l\000\040\000i\000n\000\040\000S\000o\000c\000i\000a\000l\000\040\000S\000c\000i\000e\000n\000c\000e\000\040\000D\000a\000t\000a\000\040\000A\000n\000a\000l\000y\000s\000i\000s\000,\000\040\000U\000n\000i\000v\000e\000r\000s\000i\000t\000y\000\040\000o\000f\000\040\000E\000s\000s\000e\000x\000\040\000J\000u\000l\000-\000A\000u\000g\000\040\0002\0000\0002\0003}{section*.8}% 10
\BOOKMARK [2][-]{subsection*.11}{\376\377\000E\000s\000s\000e\000x\000\040\000S\000u\000m\000m\000e\000r\000\040\000S\000c\000h\000o\000o\000l\000\040\000i\000n\000\040\000S\000o\000c\000i\000a\000l\000\040\000S\000c\000i\000e\000n\000c\000e\000\040\000D\000a\000t\000a\000\040\000A\000n\000a\000l\000y\000s\000i\000s\000,\000\040\000U\000n\000i\000v\000e\000r\000s\000i\000t\000y\000\040\000o\000f\000\040\000E\000s\000s\000e\000x\000\040\000J\000u\000l\000-\000A\000u\000g\000\040\0002\0000\0002\0003}{section*.8}% 11
\BOOKMARK [2][-]{subsection*.12}{\376\377\000S\000I\000S\000P\000\040\000-\000\040\000I\000t\000a\000l\000i\000a\000n\000\040\000P\000o\000l\000i\000t\000i\000c\000a\000l\000\040\000S\000c\000i\000e\000n\000c\000e\000\040\000S\000o\000c\000i\000e\000t\000y\000\040\000S\000e\000p\000.\000\040\0002\0000\0002\0003}{section*.8}% 12
\BOOKMARK [1][-]{section*.13}{\376\377\000P\000u\000b\000l\000i\000c\000a\000t\000i\000o\000n\000s}{}% 13
\BOOKMARK [2][-]{subsection*.14}{\376\377\000P\000a\000p\000e\000r\000s\000\040\000p\000u\000b\000l\000i\000s\000h\000e\000d\000/\000a\000c\000c\000e\000p\000t\000e\000d\000\040\000i\000n\000\040\000p\000e\000e\000r\000-\000r\000e\000v\000i\000e\000w\000e\000d\000\040\000j\000o\000u\000r\000n\000a\000l\000s}{section*.13}% 14
\BOOKMARK [3][-]{subsubsection*.15}{\376\377\0002\0000\0002\0005}{subsection*.14}% 15
\BOOKMARK [3][-]{subsubsection*.16}{\376\377\0002\0000\0002\0004}{subsection*.14}% 16
\BOOKMARK [3][-]{subsubsection*.17}{\376\377\0002\0000\0002\0003}{subsection*.14}% 17
\BOOKMARK [3][-]{subsubsection*.18}{\376\377\0002\0000\0002\0002}{subsection*.14}% 18
\BOOKMARK [2][-]{subsection*.19}{\376\377\000B\000o\000o\000k\000\040\000c\000h\000a\000p\000t\000e\000r\000s}{section*.13}% 19
\BOOKMARK [3][-]{subsubsection*.20}{\376\377\0002\0000\0002\0004}{subsection*.19}% 20
\BOOKMARK [2][-]{subsection*.21}{\376\377\000R\000\046\000R\000s\000/\000U\000n\000d\000e\000r\000\040\000r\000e\000v\000i\000e\000w}{section*.13}% 21
\BOOKMARK [2][-]{subsection*.22}{\376\377\000W\000o\000r\000k\000-\000i\000n\000-\000p\000r\000o\000g\000r\000e\000s\000s}{section*.13}% 22
\BOOKMARK [2][-]{subsection*.23}{\376\377\000D\000a\000t\000a\000s\000e\000t\000s\000\040\000\050\000p\000u\000b\000l\000i\000c\000l\000y\000\040\000a\000v\000a\000i\000l\000a\000b\000l\000e\000\051}{section*.13}% 23
\BOOKMARK [1][-]{section*.24}{\376\377\000C\000o\000n\000f\000e\000r\000e\000n\000c\000e\000s\000,\000\040\000W\000o\000r\000k\000s\000h\000o\000p\000s\000,\000\040\000a\000n\000d\000\040\000S\000e\000m\000i\000n\000a\000r\000s}{}% 24
\BOOKMARK [1][-]{section*.25}{\376\377\000T\000e\000a\000c\000h\000i\000n\000g}{}% 25
\BOOKMARK [2][-]{subsection*.26}{\376\377\000T\000e\000a\000c\000h\000i\000n\000g\000\040\000A\000s\000s\000i\000s\000t\000a\000n\000t\000\040\000\050\000T\000u\000t\000o\000r\000\051\000\040\000i\000n\000\040\000M\000a\000t\000h\000e\000m\000a\000t\000i\000c\000s\000\040\000N\000o\000v\000\040\0002\0000\0002\0003\000-\000p\000r\000e\000s\000e\000n\000t}{section*.25}% 26
\BOOKMARK [2][-]{subsection*.27}{\376\377\000T\000e\000a\000c\000h\000i\000n\000g\000\040\000A\000s\000s\000i\000s\000t\000a\000n\000t\000\040\000\050\000T\000u\000t\000o\000r\000\051\000\040\000i\000n\000\040\000P\000u\000b\000l\000i\000c\000\040\000P\000o\000l\000i\000c\000i\000e\000s\000\040\000O\000c\000t\000\040\0002\0000\0002\0003\000-\000p\000r\000e\000s\000e\000n\000t}{section*.25}% 27
\BOOKMARK [2][-]{subsection*.28}{\376\377\000T\000e\000a\000c\000h\000i\000n\000g\000\040\000A\000s\000s\000i\000s\000t\000a\000n\000t\000\040\000\050\000S\000u\000b\000j\000e\000c\000t\000\040\000E\000x\000p\000e\000r\000t\000\051\000\040\000i\000n\000\040\000P\000u\000b\000l\000i\000c\000\040\000P\000o\000l\000i\000c\000i\000e\000s\000\040\000D\000e\000c\000\040\0002\0000\0002\0002\000-\000p\000r\000e\000s\000e\000n\000t}{section*.25}% 28
\BOOKMARK [1][-]{section*.29}{\376\377\000E\000d\000i\000t\000o\000r\000i\000a\000l\000\040\000A\000c\000t\000i\000v\000i\000t\000i\000e\000s}{}% 29
\BOOKMARK [2][-]{subsection*.30}{\376\377\000R\000e\000v\000i\000e\000w\000e\000r\000\040\000f\000o\000r\000:}{section*.29}% 30
\BOOKMARK [1][-]{section*.31}{\376\377\000M\000e\000d\000i\000a\000\040\000O\000u\000t\000r\000e\000a\000c\000h}{}% 31
\BOOKMARK [2][-]{subsection*.32}{\376\377\000R\000a\000d\000i\000o}{section*.31}% 32
\BOOKMARK [2][-]{subsection*.33}{\376\377\000O\000n\000l\000i\000n\000e\000\040\000m\000e\000d\000i\000a}{section*.31}% 33
\BOOKMARK [1][-]{section*.34}{\376\377\000A\000w\000a\000r\000d\000s\000,\000\040\000G\000r\000a\000n\000t\000s\000,\000\040\000a\000n\000d\000\040\000M\000e\000m\000b\000e\000r\000s\000h\000i\000p\000s}{}% 34
\BOOKMARK [2][-]{subsection*.35}{\376\377\000A\000w\000a\000r\000d\000s}{section*.34}% 35
\BOOKMARK [2][-]{subsection*.36}{\376\377\000G\000r\000a\000n\000t\000s\000\040\000a\000n\000d\000\040\000S\000c\000h\000o\000l\000a\000r\000s\000h\000i\000p\000s}{section*.34}% 36
\BOOKMARK [2][-]{subsection*.37}{\376\377\000M\000e\000m\000b\000e\000r\000s\000h\000i\000p\000s}{section*.34}% 37
\BOOKMARK [1][-]{section*.38}{\376\377\000O\000t\000h\000e\000r\000\040\000p\000r\000o\000f\000e\000s\000s\000i\000o\000n\000a\000l\000\040\000e\000x\000p\000e\000r\000i\000e\000n\000c\000e\000s}{}% 38
\BOOKMARK [2][-]{subsection*.39}{\376\377\000A\000c\000a\000d\000e\000m\000i\000c}{section*.38}% 39
\BOOKMARK [2][-]{subsection*.40}{\376\377\000E\000x\000t\000r\000a\000-\000a\000c\000a\000d\000e\000m\000i\000c}{section*.38}% 40
\BOOKMARK [1][-]{section*.41}{\376\377\000S\000k\000i\000l\000l\000s}{}% 41
\BOOKMARK [2][-]{subsection*.42}{\376\377\000L\000a\000n\000g\000u\000a\000g\000e\000s}{section*.41}% 42
\BOOKMARK [2][-]{subsection*.43}{\376\377\000C\000o\000d\000i\000n\000g\000\040\000S\000k\000i\000l\000l\000s\000/\000S\000o\000f\000t\000w\000a\000r\000e\000s}{section*.41}% 43
\BOOKMARK [1][-]{section*.44}{\376\377\000A\000c\000a\000d\000e\000m\000i\000c\000\040\000R\000e\000f\000e\000r\000e\000n\000c\000e\000s}{}% 44
